Watching for file changes with StatReloader
[30/Nov/2024 04:49:47] "GET / HTTP/1.1" 200 7330
[30/Nov/2024 04:49:52] "GET / HTTP/1.1" 200 7330
[30/Nov/2024 04:50:16] "GET /adminlogin/ HTTP/1.1" 200 5539
[30/Nov/2024 04:50:27] "POST /adminlogin/ HTTP/1.1" 302 0
[30/Nov/2024 04:50:27] "GET /admindashboard/ HTTP/1.1" 200 5316
[30/Nov/2024 04:50:33] "GET /adminlogin/ HTTP/1.1" 302 0
[30/Nov/2024 04:50:36] "GET /login/ HTTP/1.1" 302 0
[30/Nov/2024 04:50:36] "GET / HTTP/1.1" 200 8326
[30/Nov/2024 04:50:37] "GET /form/ HTTP/1.1" 200 32268
[30/Nov/2024 04:51:15] "POST /form/ HTTP/1.1" 200 1470
[30/Nov/2024 04:52:04] "POST /logout/ HTTP/1.1" 200 6458
[30/Nov/2024 04:52:05] "GET /login/ HTTP/1.1" 200 7993
[30/Nov/2024 04:52:17] "POST /login/ HTTP/1.1" 200 8756
[30/Nov/2024 04:52:20] "GET / HTTP/1.1" 200 7330
[30/Nov/2024 04:52:31] "GET /login/ HTTP/1.1" 200 7993
[30/Nov/2024 04:52:41] "POST /login/ HTTP/1.1" 302 0
[30/Nov/2024 04:52:41] "GET / HTTP/1.1" 200 8326
[30/Nov/2024 10:37:49] "GET / HTTP/1.1" 200 8326
[30/Nov/2024 10:48:25] "GET / HTTP/1.1" 200 7860
[30/Nov/2024 10:49:54] "GET / HTTP/1.1" 200 8574
[30/Nov/2024 10:49:55] "GET / HTTP/1.1" 200 8574
[30/Nov/2024 10:53:25] "GET / HTTP/1.1" 200 8574
[30/Nov/2024 10:53:25] "GET / HTTP/1.1" 200 8269
[30/Nov/2024 10:53:26] "GET / HTTP/1.1" 200 8269
[30/Nov/2024 10:53:42] "GET / HTTP/1.1" 200 8326
[01/Dec/2024 00:14:39] "POST /logout/ HTTP/1.1" 200 6458
[01/Dec/2024 00:14:41] "GET /login/ HTTP/1.1" 200 7993
[01/Dec/2024 00:15:17] "GET / HTTP/1.1" 200 7330
[01/Dec/2024 00:16:24] "GET /login/ HTTP/1.1" 200 7993
[01/Dec/2024 00:26:13] "POST /login/ HTTP/1.1" 302 0
[01/Dec/2024 00:26:13] "GET / HTTP/1.1" 200 8326
[01/Dec/2024 00:26:17] "GET /form/ HTTP/1.1" 200 32269
[01/Dec/2024 00:26:25] "POST /form/ HTTP/1.1" 200 884
[01/Dec/2024 00:30:09] "POST /form/ HTTP/1.1" 200 1009
[01/Dec/2024 00:31:50] "POST /form/ HTTP/1.1" 200 873
[01/Dec/2024 00:32:28] "POST /form/ HTTP/1.1" 200 873
[01/Dec/2024 00:32:39] "POST /logout/ HTTP/1.1" 200 6458
[01/Dec/2024 00:32:40] "GET /login/ HTTP/1.1" 200 7993
[01/Dec/2024 00:32:45] "GET / HTTP/1.1" 200 7330
[01/Dec/2024 00:32:47] "GET /adminlogin/ HTTP/1.1" 200 5539
[01/Dec/2024 00:32:56] "POST /adminlogin/ HTTP/1.1" 302 0
[01/Dec/2024 00:32:56] "GET /admindashboard/ HTTP/1.1" 200 5291
[01/Dec/2024 00:33:52] "POST /adminlogout/ HTTP/1.1" 200 4291
[01/Dec/2024 00:33:55] "GET /adminlogin/ HTTP/1.1" 200 5539
[01/Dec/2024 00:34:04] "GET /admindashboard/ HTTP/1.1" 302 0
[01/Dec/2024 00:34:04] "GET /login/?next=/admindashboard/ HTTP/1.1" 200 7993
[01/Dec/2024 00:34:07] "GET / HTTP/1.1" 200 7330
[01/Dec/2024 00:34:09] "GET /login/ HTTP/1.1" 200 7993
[01/Dec/2024 00:34:24] "POST /login/ HTTP/1.1" 302 0
[01/Dec/2024 00:34:24] "GET / HTTP/1.1" 200 8326
/app/newprojectkestra/users/views.py changed, reloading.
Performing system checks...

System check identified no issues (0 silenced).
November 30, 2024 - 04:49:38
Django version 5.1.3, using settings 'user_management.settings'
Starting development server at http://0.0.0.0:8000/
Quit the server with CONTROL-C.

Watching for file changes with StatReloader
[01/Dec/2024 00:35:02] "GET / HTTP/1.1" 200 36878
Internal Server Error: /
Traceback (most recent call last):
  File "/usr/local/lib/python3.10/dist-packages/django/core/handlers/exception.py", line 55, in inner
    response = get_response(request)
  File "/usr/local/lib/python3.10/dist-packages/django/core/handlers/base.py", line 197, in _get_response
    response = wrapped_callback(request, *callback_args, **callback_kwargs)
  File "/app/newprojectkestra/users/views.py", line 33, in home
    # return render(request, 'users/home.html', {'articles': articles})
  File "/usr/local/lib/python3.10/dist-packages/django/shortcuts.py", line 25, in render
    content = loader.render_to_string(template_name, context, request, using=using)
  File "/usr/local/lib/python3.10/dist-packages/django/template/loader.py", line 61, in render_to_string
    template = get_template(template_name, using=using)
  File "/usr/local/lib/python3.10/dist-packages/django/template/loader.py", line 15, in get_template
    return engine.get_template(template_name)
  File "/usr/local/lib/python3.10/dist-packages/django/template/backends/django.py", line 79, in get_template
    return Template(self.engine.get_template(template_name), self)
  File "/usr/local/lib/python3.10/dist-packages/django/template/engine.py", line 177, in get_template
    template, origin = self.find_template(template_name)
  File "/usr/local/lib/python3.10/dist-packages/django/template/engine.py", line 159, in find_template
    template = loader.get_template(name, skip=skip)
  File "/usr/local/lib/python3.10/dist-packages/django/template/loaders/cached.py", line 57, in get_template
    template = super().get_template(template_name, skip)
  File "/usr/local/lib/python3.10/dist-packages/django/template/loaders/base.py", line 28, in get_template
    return Template(
  File "/usr/local/lib/python3.10/dist-packages/django/template/base.py", line 154, in __init__
    self.nodelist = self.compile_nodelist()
  File "/usr/local/lib/python3.10/dist-packages/django/template/base.py", line 196, in compile_nodelist
    nodelist = parser.parse()
  File "/usr/local/lib/python3.10/dist-packages/django/template/base.py", line 518, in parse
    raise self.error(token, e)
  File "/usr/local/lib/python3.10/dist-packages/django/template/base.py", line 516, in parse
    compiled_result = compile_func(self, token)
  File "/usr/local/lib/python3.10/dist-packages/django/template/loader_tags.py", line 295, in do_extends
    nodelist = parser.parse()
  File "/usr/local/lib/python3.10/dist-packages/django/template/base.py", line 518, in parse
    raise self.error(token, e)
  File "/usr/local/lib/python3.10/dist-packages/django/template/base.py", line 516, in parse
    compiled_result = compile_func(self, token)
  File "/usr/local/lib/python3.10/dist-packages/django/template/loader_tags.py", line 234, in do_block
    nodelist = parser.parse(("endblock",))
  File "/usr/local/lib/python3.10/dist-packages/django/template/base.py", line 489, in parse
    raise self.error(token, e)
  File "/usr/local/lib/python3.10/dist-packages/django/template/base.py", line 487, in parse
    filter_expression = self.compile_filter(token.contents)
  File "/usr/local/lib/python3.10/dist-packages/django/template/base.py", line 605, in compile_filter
    return FilterExpression(token, self)
  File "/usr/local/lib/python3.10/dist-packages/django/template/base.py", line 701, in __init__
    filter_func = parser.find_filter(filter_name)
  File "/usr/local/lib/python3.10/dist-packages/django/template/base.py", line 611, in find_filter
    raise TemplateSyntaxError("Invalid filter: '%s'" % filter_name)
django.template.exceptions.TemplateSyntaxError: Invalid filter: 'add_class'
[01/Dec/2024 00:40:44] "GET / HTTP/1.1" 500 202115
/app/newprojectkestra/users/views.py changed, reloading.
Performing system checks...

System check identified no issues (0 silenced).
December 01, 2024 - 00:34:45
Django version 5.1.3, using settings 'user_management.settings'
Starting development server at http://0.0.0.0:8000/
Quit the server with CONTROL-C.

Watching for file changes with StatReloader
[01/Dec/2024 00:41:57] "GET / HTTP/1.1" 200 8326
[01/Dec/2024 00:41:59] "GET /form/ HTTP/1.1" 200 32269
[01/Dec/2024 00:44:18] "GET / HTTP/1.1" 200 8326
[01/Dec/2024 00:44:20] "POST /logout/ HTTP/1.1" 200 6458
[01/Dec/2024 00:44:23] "GET /login/ HTTP/1.1" 200 7993
[01/Dec/2024 00:44:26] "GET / HTTP/1.1" 200 7330
[01/Dec/2024 00:45:59] "GET /login/ HTTP/1.1" 200 7993
[01/Dec/2024 00:46:11] "POST /login/ HTTP/1.1" 302 0
[01/Dec/2024 00:46:11] "GET / HTTP/1.1" 200 8326
[01/Dec/2024 00:46:25] "GET /profile/ HTTP/1.1" 200 8547
[01/Dec/2024 00:46:25] "GET /media/default.jpg HTTP/1.1" 200 780
[01/Dec/2024 00:46:48] "POST /profile/ HTTP/1.1" 302 0
[01/Dec/2024 00:46:48] "GET /profile/ HTTP/1.1" 200 8990
[01/Dec/2024 00:46:48] "GET /media/profile_images/jaahanava_joshi.jpeg HTTP/1.1" 200 2000
[01/Dec/2024 00:47:09] "GET /form/ HTTP/1.1" 200 32269
[01/Dec/2024 00:47:52] "POST /form/ HTTP/1.1" 200 873
[01/Dec/2024 00:48:48] "GET /form/ HTTP/1.1" 200 32270
[01/Dec/2024 00:48:49] "POST /form/ HTTP/1.1" 200 873
[01/Dec/2024 00:52:25] "GET /form/ HTTP/1.1" 200 32270
[01/Dec/2024 00:52:29] "POST /logout/ HTTP/1.1" 200 6458
[01/Dec/2024 00:52:30] "GET /login/ HTTP/1.1" 200 7993
[01/Dec/2024 00:52:34] "GET / HTTP/1.1" 200 6154
[01/Dec/2024 00:55:08] "GET / HTTP/1.1" 200 6154
[01/Dec/2024 00:55:09] "GET / HTTP/1.1" 200 8339
[01/Dec/2024 00:55:09] "GET / HTTP/1.1" 200 8339
[01/Dec/2024 00:55:57] "GET /password-reset/ HTTP/1.1" 200 6309
[01/Dec/2024 00:57:49] "GET / HTTP/1.1" 200 8068
[01/Dec/2024 00:57:50] "GET / HTTP/1.1" 200 8068
[01/Dec/2024 00:57:50] "GET / HTTP/1.1" 200 8068
[01/Dec/2024 00:58:34] "GET / HTTP/1.1" 200 8068
[01/Dec/2024 01:00:00] "GET / HTTP/1.1" 200 8351
[01/Dec/2024 01:00:01] "GET / HTTP/1.1" 200 8351
[01/Dec/2024 01:00:01] "GET / HTTP/1.1" 200 8351
[01/Dec/2024 01:00:02] "GET / HTTP/1.1" 200 8351
[01/Dec/2024 01:00:02] "GET / HTTP/1.1" 200 8351
[01/Dec/2024 01:00:02] "GET / HTTP/1.1" 200 8351
[01/Dec/2024 01:01:56] "GET / HTTP/1.1" 200 8339
[01/Dec/2024 01:08:27] "GET / HTTP/1.1" 200 8339
[01/Dec/2024 01:09:55] "GET / HTTP/1.1" 200 8452
[01/Dec/2024 01:09:56] "GET / HTTP/1.1" 200 8452
[01/Dec/2024 01:09:57] "GET / HTTP/1.1" 200 8452
[01/Dec/2024 01:09:57] "GET / HTTP/1.1" 200 8452
[01/Dec/2024 01:09:57] "GET / HTTP/1.1" 200 8452
[01/Dec/2024 01:09:57] "GET / HTTP/1.1" 200 8452
[01/Dec/2024 02:06:36] "GET / HTTP/1.1" 200 8452
[01/Dec/2024 03:05:04] "GET / HTTP/1.1" 200 7443
[01/Dec/2024 03:07:29] "GET / HTTP/1.1" 200 7459
[01/Dec/2024 03:09:01] "GET / HTTP/1.1" 200 7459
[01/Dec/2024 03:55:48] "GET /login/ HTTP/1.1" 200 8122
[01/Dec/2024 03:57:22] "POST /login/ HTTP/1.1" 302 0
[01/Dec/2024 03:57:22] "GET / HTTP/1.1" 200 8455
[01/Dec/2024 03:59:35] "GET /form/ HTTP/1.1" 200 32395
[01/Dec/2024 03:59:42] "POST /form/ HTTP/1.1" 200 873
[01/Dec/2024 04:01:10] "POST /logout/ HTTP/1.1" 200 6579
[01/Dec/2024 04:01:16] "GET /login/ HTTP/1.1" 200 8122
[01/Dec/2024 04:01:21] "GET / HTTP/1.1" 200 7459
[01/Dec/2024 04:01:23] "GET /adminlogin/ HTTP/1.1" 200 5547
[01/Dec/2024 04:01:30] "POST /adminlogin/ HTTP/1.1" 302 0
[01/Dec/2024 04:01:30] "GET /admindashboard/ HTTP/1.1" 200 5295
[01/Dec/2024 04:03:03] "POST /adminlogout/ HTTP/1.1" 200 4412
Internal Server Error: /adminlogout/
Traceback (most recent call last):
  File "/usr/local/lib/python3.10/dist-packages/django/core/handlers/exception.py", line 55, in inner
    response = get_response(request)
  File "/usr/local/lib/python3.10/dist-packages/django/core/handlers/base.py", line 220, in _get_response
    response = response.render()
  File "/usr/local/lib/python3.10/dist-packages/django/template/response.py", line 114, in render
    self.content = self.rendered_content
  File "/usr/local/lib/python3.10/dist-packages/django/template/response.py", line 90, in rendered_content
    template = self.resolve_template(self.template_name)
  File "/usr/local/lib/python3.10/dist-packages/django/template/response.py", line 72, in resolve_template
    return select_template(template, using=self.using)
  File "/usr/local/lib/python3.10/dist-packages/django/template/loader.py", line 42, in select_template
    return engine.get_template(template_name)
  File "/usr/local/lib/python3.10/dist-packages/django/template/backends/django.py", line 79, in get_template
    return Template(self.engine.get_template(template_name), self)
  File "/usr/local/lib/python3.10/dist-packages/django/template/engine.py", line 177, in get_template
    template, origin = self.find_template(template_name)
  File "/usr/local/lib/python3.10/dist-packages/django/template/engine.py", line 159, in find_template
    template = loader.get_template(name, skip=skip)
  File "/usr/local/lib/python3.10/dist-packages/django/template/loaders/cached.py", line 57, in get_template
    template = super().get_template(template_name, skip)
  File "/usr/local/lib/python3.10/dist-packages/django/template/loaders/base.py", line 28, in get_template
    return Template(
  File "/usr/local/lib/python3.10/dist-packages/django/template/base.py", line 154, in __init__
    self.nodelist = self.compile_nodelist()
  File "/usr/local/lib/python3.10/dist-packages/django/template/base.py", line 196, in compile_nodelist
    nodelist = parser.parse()
  File "/usr/local/lib/python3.10/dist-packages/django/template/base.py", line 518, in parse
    raise self.error(token, e)
  File "/usr/local/lib/python3.10/dist-packages/django/template/base.py", line 516, in parse
    compiled_result = compile_func(self, token)
  File "/usr/local/lib/python3.10/dist-packages/django/template/loader_tags.py", line 295, in do_extends
    nodelist = parser.parse()
  File "/usr/local/lib/python3.10/dist-packages/django/template/base.py", line 518, in parse
    raise self.error(token, e)
  File "/usr/local/lib/python3.10/dist-packages/django/template/base.py", line 516, in parse
    compiled_result = compile_func(self, token)
  File "/usr/local/lib/python3.10/dist-packages/django/template/loader_tags.py", line 295, in do_extends
    nodelist = parser.parse()
  File "/usr/local/lib/python3.10/dist-packages/django/template/base.py", line 518, in parse
    raise self.error(token, e)
  File "/usr/local/lib/python3.10/dist-packages/django/template/base.py", line 516, in parse
    compiled_result = compile_func(self, token)
  File "/usr/local/lib/python3.10/dist-packages/django/template/loader_tags.py", line 228, in do_block
    raise TemplateSyntaxError(
django.template.exceptions.TemplateSyntaxError: 'block' tag with name 'title' appears more than once
[01/Dec/2024 04:05:52] "POST /adminlogout/ HTTP/1.1" 500 172681
[01/Dec/2024 04:06:03] "POST /adminlogout/ HTTP/1.1" 200 6588
[01/Dec/2024 04:06:30] "GET /adminlogin/ HTTP/1.1" 200 5547
[01/Dec/2024 04:06:34] "GET / HTTP/1.1" 200 7459
[01/Dec/2024 04:11:02] "GET / HTTP/1.1" 200 7609
[01/Dec/2024 04:11:04] "GET / HTTP/1.1" 200 7609
[01/Dec/2024 04:11:15] "GET / HTTP/1.1" 200 7756
[01/Dec/2024 04:11:15] "GET / HTTP/1.1" 200 7756
[01/Dec/2024 04:11:25] "GET / HTTP/1.1" 200 7459
